  Circle.cpp
E:\c++ coding\oop_lab4\Figure.h(2,10): fatal error C1083: Cannot open include file: 'SFML/Graphics.hpp': No such file or directory
  Composite.cpp
E:\c++ coding\oop_lab4\Figure.h(2,10): fatal error C1083: Cannot open include file: 'SFML/Graphics.hpp': No such file or directory
  Controller.cpp
E:\c++ coding\oop_lab4\Figure.h(2,10): fatal error C1083: Cannot open include file: 'SFML/Graphics.hpp': No such file or directory
  EventHandler.cpp
E:\c++ coding\oop_lab4\Figure.h(2,10): fatal error C1083: Cannot open include file: 'SFML/Graphics.hpp': No such file or directory
  Figure.cpp
E:\c++ coding\oop_lab4\Figure.h(2,10): fatal error C1083: Cannot open include file: 'SFML/Graphics.hpp': No such file or directory
  Line.cpp
E:\c++ coding\oop_lab4\Figure.h(2,10): fatal error C1083: Cannot open include file: 'SFML/Graphics.hpp': No such file or directory
  Memento.cpp
E:\c++ coding\oop_lab4\Memento.h(2,10): fatal error C1083: Cannot open include file: 'nlohmann/json.hpp': No such file or directory
  oop_lab4.cpp
E:\c++ coding\oop_lab4\oop_lab4.cpp(1,10): fatal error C1083: Cannot open include file: 'SFML/Graphics.hpp': No such file or directory
  Rectangle.cpp
E:\c++ coding\oop_lab4\Figure.h(2,10): fatal error C1083: Cannot open include file: 'SFML/Graphics.hpp': No such file or directory
  Square.cpp
E:\c++ coding\oop_lab4\Figure.h(2,10): fatal error C1083: Cannot open include file: 'SFML/Graphics.hpp': No such file or directory
  Star.cpp
E:\c++ coding\oop_lab4\Figure.h(2,10): fatal error C1083: Cannot open include file: 'SFML/Graphics.hpp': No such file or directory
  Triangle.cpp
E:\c++ coding\oop_lab4\Figure.h(2,10): fatal error C1083: Cannot open include file: 'SFML/Graphics.hpp': No such file or directory
  Generating Code...
